* installing *source* package ‘Eagle’ ...
** libs
icpc  -I/apps/R/3.4.0/lib64/R/include -DNDEBUG  -I"/home/geo047/RLibs/RcppEigen/include" -I"/home/geo047/RLibs/Rcpp/include" -I/usr/local/include   -fpic  -O3 -fopenmp -xHOST -fp-model precise  -c CreateASCIInospace.cpp -o CreateASCIInospace.o
icpc  -I/apps/R/3.4.0/lib64/R/include -DNDEBUG  -I"/home/geo047/RLibs/RcppEigen/include" -I"/home/geo047/RLibs/Rcpp/include" -I/usr/local/include   -fpic  -O3 -fopenmp -xHOST -fp-model precise  -c CreateASCIInospace_PLINK.cpp -o CreateASCIInospace_PLINK.o
icpc  -I/apps/R/3.4.0/lib64/R/include -DNDEBUG  -I"/home/geo047/RLibs/RcppEigen/include" -I"/home/geo047/RLibs/Rcpp/include" -I/usr/local/include   -fpic  -O3 -fopenmp -xHOST -fp-model precise  -c RcppExports.cpp -o RcppExports.o
icpc  -I/apps/R/3.4.0/lib64/R/include -DNDEBUG  -I"/home/geo047/RLibs/RcppEigen/include" -I"/home/geo047/RLibs/Rcpp/include" -I/usr/local/include   -fpic  -O3 -fopenmp -xHOST -fp-model precise  -c ReadBlock.cpp -o ReadBlock.o
icpc  -I/apps/R/3.4.0/lib64/R/include -DNDEBUG  -I"/home/geo047/RLibs/RcppEigen/include" -I"/home/geo047/RLibs/Rcpp/include" -I/usr/local/include   -fpic  -O3 -fopenmp -xHOST -fp-model precise  -c ReshapeM_rcpp.cpp -o ReshapeM_rcpp.o
icpc  -I/apps/R/3.4.0/lib64/R/include -DNDEBUG  -I"/home/geo047/RLibs/RcppEigen/include" -I"/home/geo047/RLibs/Rcpp/include" -I/usr/local/include   -fpic  -O3 -fopenmp -xHOST -fp-model precise  -c calculateMMt_rcpp.cpp -o calculateMMt_rcpp.o
icpc  -I/apps/R/3.4.0/lib64/R/include -DNDEBUG  -I"/home/geo047/RLibs/RcppEigen/include" -I"/home/geo047/RLibs/Rcpp/include" -I/usr/local/include   -fpic  -O3 -fopenmp -xHOST -fp-model precise  -c calculate_a_and_vara_rcpp.cpp -o calculate_a_and_vara_rcpp.o
icpc  -I/apps/R/3.4.0/lib64/R/include -DNDEBUG  -I"/home/geo047/RLibs/RcppEigen/include" -I"/home/geo047/RLibs/Rcpp/include" -I/usr/local/include   -fpic  -O3 -fopenmp -xHOST -fp-model precise  -c calculate_reduced_a_rcpp.cpp -o calculate_reduced_a_rcpp.o
icpc  -I/apps/R/3.4.0/lib64/R/include -DNDEBUG  -I"/home/geo047/RLibs/RcppEigen/include" -I"/home/geo047/RLibs/Rcpp/include" -I/usr/local/include   -fpic  -O3 -fopenmp -xHOST -fp-model precise  -c createM_ASCII_rcpp.cpp -o createM_ASCII_rcpp.o
icpc  -I/apps/R/3.4.0/lib64/R/include -DNDEBUG  -I"/home/geo047/RLibs/RcppEigen/include" -I"/home/geo047/RLibs/Rcpp/include" -I/usr/local/include   -fpic  -O3 -fopenmp -xHOST -fp-model precise  -c createMt_ASCII_rcpp.cpp -o createMt_ASCII_rcpp.o
icpc  -I/apps/R/3.4.0/lib64/R/include -DNDEBUG  -I"/home/geo047/RLibs/RcppEigen/include" -I"/home/geo047/RLibs/Rcpp/include" -I/usr/local/include   -fpic  -O3 -fopenmp -xHOST -fp-model precise  -c extract_geno_rcpp.cpp -o extract_geno_rcpp.o
icpc  -I/apps/R/3.4.0/lib64/R/include -DNDEBUG  -I"/home/geo047/RLibs/RcppEigen/include" -I"/home/geo047/RLibs/Rcpp/include" -I/usr/local/include   -fpic  -O3 -fopenmp -xHOST -fp-model precise  -c getNumColumns.cpp -o getNumColumns.o
icpc  -I/apps/R/3.4.0/lib64/R/include -DNDEBUG  -I"/home/geo047/RLibs/RcppEigen/include" -I"/home/geo047/RLibs/Rcpp/include" -I/usr/local/include   -fpic  -O3 -fopenmp -xHOST -fp-model precise  -c getNumRows.cpp -o getNumRows.o
icpc  -I/apps/R/3.4.0/lib64/R/include -DNDEBUG  -I"/home/geo047/RLibs/RcppEigen/include" -I"/home/geo047/RLibs/Rcpp/include" -I/usr/local/include   -fpic  -O3 -fopenmp -xHOST -fp-model precise  -c getRowColumn.cpp -o getRowColumn.o
icpc  -I/apps/R/3.4.0/lib64/R/include -DNDEBUG  -I"/home/geo047/RLibs/RcppEigen/include" -I"/home/geo047/RLibs/Rcpp/include" -I/usr/local/include   -fpic  -O3 -fopenmp -xHOST -fp-model precise  -c removeColumn.cpp -o removeColumn.o
icpc  -I/apps/R/3.4.0/lib64/R/include -DNDEBUG  -I"/home/geo047/RLibs/RcppEigen/include" -I"/home/geo047/RLibs/Rcpp/include" -I/usr/local/include   -fpic  -O3 -fopenmp -xHOST -fp-model precise  -c removeRow.cpp -o removeRow.o
icpc -shared -L/apps/R/3.4.0/lib64/R/lib -fPIC -fopenmp -Wl,--disable-new-dtags -Wl,--rpath -Wl,/apps/nccl/1.3.4/lib:/apps/cudnn/v5.1/lib64:/apps/cudnn/v5.1:/apps/cuda/8.0.61/lib64:/apps/cuda/8.0.61/extras/CUPTI/lib64:/apps/R/3.4.0/lib64/R/lib:/apps/icu/59.0/lib:/apps/xz/5.2.2/lib:/apps/tcltk/8.6.1/lib:/apps/gsl/2.1/lib:/apps/hdf5/1.8.16/lib:/apps/netcdf/4.3.3.1/lib:/apps/udunits/2.2.20/lib:/apps/geos/3.5.0/lib:/apps/glpk/4.60/lib:/apps/proj/4.9.2/lib:/apps/gdal/2.0.1/lib:/apps/intel/mkl/2017.2.174/compilers_and_libraries_2017.2.174/linux/mkl/../compiler/lib/intel64:/apps/intel/mkl/2017.2.174/compilers_and_libraries_2017.2.174/linux/mkl/../compiler/lib/intel64_lin:/apps/intel/mkl/2017.2.174/compilers_and_libraries_2017.2.174/linux/mkl/lib/intel64_lin:/apps/openmpi/1.10.6/lib:/apps/intel/fc/16.0.4.258/compiler/lib/intel64:/apps/intel/cc/16.0.4.258/tbb/lib/intel64/gcc4.4:/apps/intel/cc/16.0.4.258/compiler/lib/intel64:/opt/intel/mic/coi/device-linux-release/lib:/opt/intel/mic/myo/lib:/cm/local/apps/cuda-driver/libs/current/lib64:/cm/shared/apps/slurm/16.05.8/lib64/slurm:/cm/shared/apps/slurm/16.05.8/lib64 -L/apps/tcltk/8.6.1 -o Eagle.so CreateASCIInospace.o CreateASCIInospace_PLINK.o RcppExports.o ReadBlock.o ReshapeM_rcpp.o calculateMMt_rcpp.o calculate_a_and_vara_rcpp.o calculate_reduced_a_rcpp.o createM_ASCII_rcpp.o createMt_ASCII_rcpp.o extract_geno_rcpp.o getNumColumns.o getNumRows.o getRowColumn.o removeColumn.o removeRow.o -L/apps/R/3.4.0/lib64/R/lib -lRlapack -L/apps/R/3.4.0/lib64/R/lib -lRblas -lifport -lifcoremt_pic -limf -lsvml -lm -lipgo -liomp5 -lirc -lpthread -lirc_s -ldl -L/apps/R/3.4.0/lib64/R/lib -lR
installing to /home/geo047/gitHUB_WMAM/MyPackage/Eagle.Rcheck/Eagle/libs
** R
** inst
** byte-compile and prepare package for lazy loading
** help
*** installing help indices
** building package indices
** testing if installed package can be loaded
* DONE (Eagle)
