Hmm ... looks like a package
This is pdfTeX, Version 3.14159265-2.6-1.40.16 (TeX Live 2015) (preloaded format=pdflatex)
 restricted \write18 enabled.
entering extended mode
(./Rd2.tex
LaTeX2e <2016/03/31>
Babel <3.9q> and hyphenation patterns for 81 language(s) loaded.

(/apps/texlive/2015/texmf-dist/tex/latex/base/book.cls
Document Class: book 2014/09/29 v1.4h Standard LaTeX document class
(/apps/texlive/2015/texmf-dist/tex/latex/base/bk10.clo))
(/apps/R/3.4.0/lib64/R/share/texmf/tex/latex/Rd.sty
(/apps/texlive/2015/texmf-dist/tex/latex/base/ifthen.sty)
(/apps/texlive/2015/texmf-dist/tex/latex/tools/longtable.sty)
(/apps/texlive/2015/texmf-dist/tex/latex/tools/bm.sty)
(/apps/texlive/2015/texmf-dist/tex/latex/base/alltt.sty)
(/apps/texlive/2015/texmf-dist/tex/latex/tools/verbatim.sty)
(/apps/texlive/2015/texmf-dist/tex/latex/url/url.sty)
(/apps/texlive/2015/texmf-dist/tex/latex/base/textcomp.sty
(/apps/texlive/2015/texmf-dist/tex/latex/base/ts1enc.def))
(/apps/texlive/2015/texmf-dist/tex/latex/base/fontenc.sty
(/apps/texlive/2015/texmf-dist/tex/latex/base/t1enc.def))
(/apps/texlive/2015/texmf-dist/tex/latex/psnfss/times.sty)
(/apps/texlive/2015/texmf-dist/tex/latex/inconsolata/zi4.sty
`inconsolata-zi4' v1.10, 2016/02/22 Text macros for Inconsolata (msharpe)
(/apps/texlive/2015/texmf-dist/tex/latex/graphics/keyval.sty))
(/apps/texlive/2015/texmf-dist/tex/latex/graphics/color.sty
(/apps/texlive/2015/texmf-dist/tex/latex/latexconfig/color.cfg)
(/apps/texlive/2015/texmf-dist/tex/latex/pdftex-def/pdftex.def
(/apps/texlive/2015/texmf-dist/tex/generic/oberdiek/infwarerr.sty)
(/apps/texlive/2015/texmf-dist/tex/generic/oberdiek/ltxcmds.sty)))
(/apps/texlive/2015/texmf-dist/tex/latex/hyperref/hyperref.sty
(/apps/texlive/2015/texmf-dist/tex/generic/oberdiek/hobsub-hyperref.sty
(/apps/texlive/2015/texmf-dist/tex/generic/oberdiek/hobsub-generic.sty))
(/apps/texlive/2015/texmf-dist/tex/generic/ifxetex/ifxetex.sty)
(/apps/texlive/2015/texmf-dist/tex/latex/oberdiek/auxhook.sty)
(/apps/texlive/2015/texmf-dist/tex/latex/oberdiek/kvoptions.sty)
(/apps/texlive/2015/texmf-dist/tex/latex/hyperref/pd1enc.def)
(/apps/texlive/2015/texmf-dist/tex/latex/latexconfig/hyperref.cfg))

Package hyperref Message: Driver (autodetected): hpdftex.

(/apps/texlive/2015/texmf-dist/tex/latex/hyperref/hpdftex.def
(/apps/texlive/2015/texmf-dist/tex/latex/oberdiek/rerunfilecheck.sty))

Package hyperref Warning: Option `hyperindex' has already been used,
(hyperref)                setting the option has no effect on input line 366.


Package hyperref Warning: Option `pagebackref' has already been used,
(hyperref)                setting the option has no effect on input line 366.

) (/apps/texlive/2015/texmf-dist/tex/latex/base/makeidx.sty)
(/apps/texlive/2015/texmf-dist/tex/latex/base/inputenc.sty
(/apps/texlive/2015/texmf-dist/tex/latex/base/utf8.def
(/apps/texlive/2015/texmf-dist/tex/latex/base/t1enc.dfu)
(/apps/texlive/2015/texmf-dist/tex/latex/base/ot1enc.dfu)
(/apps/texlive/2015/texmf-dist/tex/latex/base/omsenc.dfu)
(/apps/texlive/2015/texmf-dist/tex/latex/base/ts1enc.dfu))
(/apps/texlive/2015/texmf-dist/tex/latex/base/latin1.def))
Writing index file Rd2.idx
No file Rd2.aux.
(/apps/texlive/2015/texmf-dist/tex/latex/base/ts1cmr.fd)
(/apps/texlive/2015/texmf-dist/tex/latex/psnfss/t1ptm.fd)
(/apps/texlive/2015/texmf-dist/tex/context/base/supp-pdf.mkii
[Loading MPS to PDF converter (version 2006.09.02).]
) (/apps/texlive/2015/texmf-dist/tex/latex/hyperref/nameref.sty
(/apps/texlive/2015/texmf-dist/tex/generic/oberdiek/gettitlestring.sty))
(/apps/texlive/2015/texmf-dist/tex/latex/inconsolata/t1zi4.fd)
(/apps/texlive/2015/texmf-dist/tex/latex/psnfss/ts1ptm.fd)
(/apps/texlive/2015/texmf-dist/tex/latex/psnfss/t1phv.fd)
(/apps/texlive/2015/texmf-dist/tex/latex/base/utf8.def) [1{/apps/texlive/2015/t
exmf-var/fonts/map/pdftex/updmap/pdftex.map}]
(/apps/texlive/2015/texmf-dist/tex/latex/base/utf8.def) [2]
(/apps/texlive/2015/texmf-dist/tex/latex/inconsolata/ts1zi4.fd)
Overfull \hbox (52.00832pt too wide) in paragraph at lines 152--152
 []  \T1/zi4/m/n/10 geno_obj <-  ReadMarker(filename=\TS1/zi4/m/n/10 '\T1/zi4/m
/n/10 geno.txt\TS1/zi4/m/n/10 '\T1/zi4/m/n/10 , AA=0, AB=1, BB=2, type="text", 
missing=\TS1/zi4/m/n/10 '\T1/zi4/m/n/10 X\TS1/zi4/m/n/10 '\T1/zi4/m/n/10 )[] 
[3]
Overfull \hbox (20.00832pt too wide) in paragraph at lines 191--191
 []  \T1/zi4/m/n/10 geno_obj <-  ReadMarker(filename=\TS1/zi4/m/n/10 '\T1/zi4/m
/n/10 /my/dir/geno.ped\TS1/zi4/m/n/10 '\T1/zi4/m/n/10 , type=\TS1/zi4/m/n/10 '\
T1/zi4/m/n/10 PLINK\TS1/zi4/m/n/10 '\T1/zi4/m/n/10 , availmemGb=32)[] 
[4]
Overfull \hbox (15.181pt too wide) in paragraph at lines 270--270
 []  \T1/zi4/m/n/9 # Since the following code takes longer than 5 seconds to ru
n, it has been tagged as dontrun.[] 

Overfull \hbox (14.281pt too wide) in paragraph at lines 290--290
 []  \T1/zi4/m/n/9 # and setting the available memory on the machine for the re
ading of the data to 8  gigabytes[] 

Overfull \hbox (31.38089pt too wide) in paragraph at lines 307--307
 [] \T1/zi4/m/n/9 #~~~~~~~~~~~~~~~~~~~~~~~~~~~~~~~~~~~~~~~~~~~~~~~~~~~~~~~~~~~~
~~~~~~~~~~~~~~~~~~~~~~~~~~~~~~~~~[] 
[5] (/apps/texlive/2015/texmf-dist/tex/latex/base/utf8.def)
(/apps/texlive/2015/texmf-dist/tex/latex/base/utf8.def) [6]
(/apps/texlive/2015/texmf-dist/tex/latex/base/utf8.def) [7] [8]
Overfull \hbox (75.00832pt too wide) in paragraph at lines 501--501
 []\T1/zi4/m/n/10 geno_obj <- ReadMarker(filename=\TS1/zi4/m/n/10 '\T1/zi4/m/n/
10 /my/dir/geno.txt\TS1/zi4/m/n/10 '\T1/zi4/m/n/10 , AA=0, AB=1, BB=2, type=\TS
1/zi4/m/n/10 '\T1/zi4/m/n/10 text\TS1/zi4/m/n/10 '\T1/zi4/m/n/10 , missing=99) 


Underfull \vbox (badness 10000) has occurred while \output is active [9]
[10]
Overfull \hbox (15.18094pt too wide) in paragraph at lines 619--619
 []  \T1/zi4/m/n/9 geno_obj <- ReadMarker(filename=complete.name, type=\TS1/zi4
/m/n/9 '\T1/zi4/m/n/9 text\TS1/zi4/m/n/9 '\T1/zi4/m/n/9 , AA=0, AB=1, BB=2, ava
ilmemGb=4)[] 
(/apps/texlive/2015/texmf-dist/tex/latex/base/utf8.def) [11] [12]
(/apps/texlive/2015/texmf-dist/tex/latex/base/utf8.def)
Overfull \hbox (15.181pt too wide) in paragraph at lines 806--806
 []  \T1/zi4/m/n/9 # Since the following code takes longer than 5 seconds to ru
n, it has been tagged as dontrun.[] 
[13]
Overfull \hbox (10.681pt too wide) in paragraph at lines 827--827
 []  \T1/zi4/m/n/9 # and setting the available memory on the machine for the re
ading of the data to 8 gigabytes[] 

Underfull \vbox (badness 10000) has occurred while \output is active [14]
No file Rd2.ind.
[15] (./Rd2.aux)

Package rerunfilecheck Warning: File `Rd2.out' has changed.
(rerunfilecheck)                Rerun to get outlines right
(rerunfilecheck)                or use package `bookmark'.

 )
(see the transcript file for additional information){/apps/texlive/2015/texmf-d
ist/fonts/enc/dvips/inconsolata/i4-ts1.enc}{/apps/texlive/2015/texmf-dist/fonts
/enc/dvips/base/8r.enc}{/apps/texlive/2015/texmf-dist/fonts/enc/dvips/inconsola
ta/i4-t1-0.enc}</apps/texlive/2015/texmf-dist/fonts/type1/public/inconsolata/In
consolata-zi4r.pfb></apps/texlive/2015/texmf-dist/fonts/type1/urw/helvetic/uhvr
8a.pfb></apps/texlive/2015/texmf-dist/fonts/type1/urw/times/utmb8a.pfb></apps/t
exlive/2015/texmf-dist/fonts/type1/urw/times/utmr8a.pfb></apps/texlive/2015/tex
mf-dist/fonts/type1/urw/times/utmr8a.pfb></apps/texlive/2015/texmf-dist/fonts/t
ype1/urw/times/utmri8a.pfb>
Output written on Rd2.pdf (15 pages, 114683 bytes).
Transcript written on Rd2.log.
This is makeindex, version 2.15 [TeX Live 2015] (kpathsea + Thai support).
Scanning input file Rd2.idx....done (30 entries accepted, 0 rejected).
Sorting entries....done (167 comparisons).
Generating output file Rd2.ind....done (40 lines written, 0 warnings).
Output written in Rd2.ind.
Transcript written in Rd2.ilg.
This is pdfTeX, Version 3.14159265-2.6-1.40.16 (TeX Live 2015) (preloaded format=pdflatex)
 restricted \write18 enabled.
entering extended mode
(./Rd2.tex
LaTeX2e <2016/03/31>
Babel <3.9q> and hyphenation patterns for 81 language(s) loaded.

(/apps/texlive/2015/texmf-dist/tex/latex/base/book.cls
Document Class: book 2014/09/29 v1.4h Standard LaTeX document class
(/apps/texlive/2015/texmf-dist/tex/latex/base/bk10.clo))
(/apps/R/3.4.0/lib64/R/share/texmf/tex/latex/Rd.sty
(/apps/texlive/2015/texmf-dist/tex/latex/base/ifthen.sty)
(/apps/texlive/2015/texmf-dist/tex/latex/tools/longtable.sty)
(/apps/texlive/2015/texmf-dist/tex/latex/tools/bm.sty)
(/apps/texlive/2015/texmf-dist/tex/latex/base/alltt.sty)
(/apps/texlive/2015/texmf-dist/tex/latex/tools/verbatim.sty)
(/apps/texlive/2015/texmf-dist/tex/latex/url/url.sty)
(/apps/texlive/2015/texmf-dist/tex/latex/base/textcomp.sty
(/apps/texlive/2015/texmf-dist/tex/latex/base/ts1enc.def))
(/apps/texlive/2015/texmf-dist/tex/latex/base/fontenc.sty
(/apps/texlive/2015/texmf-dist/tex/latex/base/t1enc.def))
(/apps/texlive/2015/texmf-dist/tex/latex/psnfss/times.sty)
(/apps/texlive/2015/texmf-dist/tex/latex/inconsolata/zi4.sty
`inconsolata-zi4' v1.10, 2016/02/22 Text macros for Inconsolata (msharpe)
(/apps/texlive/2015/texmf-dist/tex/latex/graphics/keyval.sty))
(/apps/texlive/2015/texmf-dist/tex/latex/graphics/color.sty
(/apps/texlive/2015/texmf-dist/tex/latex/latexconfig/color.cfg)
(/apps/texlive/2015/texmf-dist/tex/latex/pdftex-def/pdftex.def
(/apps/texlive/2015/texmf-dist/tex/generic/oberdiek/infwarerr.sty)
(/apps/texlive/2015/texmf-dist/tex/generic/oberdiek/ltxcmds.sty)))
(/apps/texlive/2015/texmf-dist/tex/latex/hyperref/hyperref.sty
(/apps/texlive/2015/texmf-dist/tex/generic/oberdiek/hobsub-hyperref.sty
(/apps/texlive/2015/texmf-dist/tex/generic/oberdiek/hobsub-generic.sty))
(/apps/texlive/2015/texmf-dist/tex/generic/ifxetex/ifxetex.sty)
(/apps/texlive/2015/texmf-dist/tex/latex/oberdiek/auxhook.sty)
(/apps/texlive/2015/texmf-dist/tex/latex/oberdiek/kvoptions.sty)
(/apps/texlive/2015/texmf-dist/tex/latex/hyperref/pd1enc.def)
(/apps/texlive/2015/texmf-dist/tex/latex/latexconfig/hyperref.cfg))

Package hyperref Message: Driver (autodetected): hpdftex.

(/apps/texlive/2015/texmf-dist/tex/latex/hyperref/hpdftex.def
(/apps/texlive/2015/texmf-dist/tex/latex/oberdiek/rerunfilecheck.sty))

Package hyperref Warning: Option `hyperindex' has already been used,
(hyperref)                setting the option has no effect on input line 366.


Package hyperref Warning: Option `pagebackref' has already been used,
(hyperref)                setting the option has no effect on input line 366.

) (/apps/texlive/2015/texmf-dist/tex/latex/base/makeidx.sty)
(/apps/texlive/2015/texmf-dist/tex/latex/base/inputenc.sty
(/apps/texlive/2015/texmf-dist/tex/latex/base/utf8.def
(/apps/texlive/2015/texmf-dist/tex/latex/base/t1enc.dfu)
(/apps/texlive/2015/texmf-dist/tex/latex/base/ot1enc.dfu)
(/apps/texlive/2015/texmf-dist/tex/latex/base/omsenc.dfu)
(/apps/texlive/2015/texmf-dist/tex/latex/base/ts1enc.dfu))
(/apps/texlive/2015/texmf-dist/tex/latex/base/latin1.def))
Writing index file Rd2.idx
(./Rd2.aux) (/apps/texlive/2015/texmf-dist/tex/latex/base/ts1cmr.fd)
(/apps/texlive/2015/texmf-dist/tex/latex/psnfss/t1ptm.fd)
(/apps/texlive/2015/texmf-dist/tex/context/base/supp-pdf.mkii
[Loading MPS to PDF converter (version 2006.09.02).]
) (/apps/texlive/2015/texmf-dist/tex/latex/hyperref/nameref.sty
(/apps/texlive/2015/texmf-dist/tex/generic/oberdiek/gettitlestring.sty))
(./Rd2.out) (./Rd2.out)
(/apps/texlive/2015/texmf-dist/tex/latex/inconsolata/t1zi4.fd)
(/apps/texlive/2015/texmf-dist/tex/latex/psnfss/ts1ptm.fd)
(/apps/texlive/2015/texmf-dist/tex/latex/psnfss/t1phv.fd) (./Rd2.toc [1{/apps/t
exlive/2015/texmf-var/fonts/map/pdftex/updmap/pdftex.map}])
(/apps/texlive/2015/texmf-dist/tex/latex/base/utf8.def)
(/apps/texlive/2015/texmf-dist/tex/latex/base/utf8.def) [2] [3]
(/apps/texlive/2015/texmf-dist/tex/latex/inconsolata/ts1zi4.fd)
Overfull \hbox (52.00832pt too wide) in paragraph at lines 152--152
 []  \T1/zi4/m/n/10 geno_obj <-  ReadMarker(filename=\TS1/zi4/m/n/10 '\T1/zi4/m
/n/10 geno.txt\TS1/zi4/m/n/10 '\T1/zi4/m/n/10 , AA=0, AB=1, BB=2, type="text", 
missing=\TS1/zi4/m/n/10 '\T1/zi4/m/n/10 X\TS1/zi4/m/n/10 '\T1/zi4/m/n/10 )[] 

Overfull \hbox (20.00832pt too wide) in paragraph at lines 191--191
 []  \T1/zi4/m/n/10 geno_obj <-  ReadMarker(filename=\TS1/zi4/m/n/10 '\T1/zi4/m
/n/10 /my/dir/geno.ped\TS1/zi4/m/n/10 '\T1/zi4/m/n/10 , type=\TS1/zi4/m/n/10 '\
T1/zi4/m/n/10 PLINK\TS1/zi4/m/n/10 '\T1/zi4/m/n/10 , availmemGb=32)[] 
[4]
Overfull \hbox (15.181pt too wide) in paragraph at lines 270--270
 []  \T1/zi4/m/n/9 # Since the following code takes longer than 5 seconds to ru
n, it has been tagged as dontrun.[] 

Overfull \hbox (14.281pt too wide) in paragraph at lines 290--290
 []  \T1/zi4/m/n/9 # and setting the available memory on the machine for the re
ading of the data to 8  gigabytes[] 
[5]
Overfull \hbox (31.38089pt too wide) in paragraph at lines 307--307
 [] \T1/zi4/m/n/9 #~~~~~~~~~~~~~~~~~~~~~~~~~~~~~~~~~~~~~~~~~~~~~~~~~~~~~~~~~~~~
~~~~~~~~~~~~~~~~~~~~~~~~~~~~~~~~~[] 
(/apps/texlive/2015/texmf-dist/tex/latex/base/utf8.def)
(/apps/texlive/2015/texmf-dist/tex/latex/base/utf8.def) [6] [7]
(/apps/texlive/2015/texmf-dist/tex/latex/base/utf8.def) [8]
Overfull \hbox (75.00832pt too wide) in paragraph at lines 501--501
 []\T1/zi4/m/n/10 geno_obj <- ReadMarker(filename=\TS1/zi4/m/n/10 '\T1/zi4/m/n/
10 /my/dir/geno.txt\TS1/zi4/m/n/10 '\T1/zi4/m/n/10 , AA=0, AB=1, BB=2, type=\TS
1/zi4/m/n/10 '\T1/zi4/m/n/10 text\TS1/zi4/m/n/10 '\T1/zi4/m/n/10 , missing=99) 

[9] [10]
Overfull \hbox (15.18094pt too wide) in paragraph at lines 619--619
 []  \T1/zi4/m/n/9 geno_obj <- ReadMarker(filename=complete.name, type=\TS1/zi4
/m/n/9 '\T1/zi4/m/n/9 text\TS1/zi4/m/n/9 '\T1/zi4/m/n/9 , AA=0, AB=1, BB=2, ava
ilmemGb=4)[] 
(/apps/texlive/2015/texmf-dist/tex/latex/base/utf8.def) [11] [12]
(/apps/texlive/2015/texmf-dist/tex/latex/base/utf8.def) [13]
Overfull \hbox (15.181pt too wide) in paragraph at lines 806--806
 []  \T1/zi4/m/n/9 # Since the following code takes longer than 5 seconds to ru
n, it has been tagged as dontrun.[] 

Overfull \hbox (10.681pt too wide) in paragraph at lines 827--827
 []  \T1/zi4/m/n/9 # and setting the available memory on the machine for the re
ading of the data to 8 gigabytes[] 
[14] (./Rd2.ind [15]

LaTeX Font Warning: Font shape `T1/zi4/m/it' undefined
(Font)              using `T1/zi4/m/n' instead on input line 14.

[16]) (./Rd2.aux)

Package rerunfilecheck Warning: File `Rd2.out' has changed.
(rerunfilecheck)                Rerun to get outlines right
(rerunfilecheck)                or use package `bookmark'.


LaTeX Font Warning: Some font shapes were not available, defaults substituted.

 )
(see the transcript file for additional information){/apps/texlive/2015/texmf-d
ist/fonts/enc/dvips/inconsolata/i4-ts1.enc}{/apps/texlive/2015/texmf-dist/fonts
/enc/dvips/base/8r.enc}{/apps/texlive/2015/texmf-dist/fonts/enc/dvips/inconsola
ta/i4-t1-0.enc}</apps/texlive/2015/texmf-dist/fonts/type1/public/inconsolata/In
consolata-zi4r.pfb></apps/texlive/2015/texmf-dist/fonts/type1/public/amsfonts/c
m/cmsy10.pfb></apps/texlive/2015/texmf-dist/fonts/type1/urw/helvetic/uhvr8a.pfb
></apps/texlive/2015/texmf-dist/fonts/type1/urw/times/utmb8a.pfb></apps/texlive
/2015/texmf-dist/fonts/type1/urw/times/utmr8a.pfb></apps/texlive/2015/texmf-dis
t/fonts/type1/urw/times/utmr8a.pfb></apps/texlive/2015/texmf-dist/fonts/type1/u
rw/times/utmri8a.pfb>
Output written on Rd2.pdf (16 pages, 126769 bytes).
Transcript written on Rd2.log.
This is makeindex, version 2.15 [TeX Live 2015] (kpathsea + Thai support).
Scanning input file Rd2.idx....done (30 entries accepted, 0 rejected).
Sorting entries....done (155 comparisons).
Generating output file Rd2.ind....done (39 lines written, 0 warnings).
Output written in Rd2.ind.
Transcript written in Rd2.ilg.
This is pdfTeX, Version 3.14159265-2.6-1.40.16 (TeX Live 2015) (preloaded format=pdflatex)
 restricted \write18 enabled.
entering extended mode
(./Rd2.tex
LaTeX2e <2016/03/31>
Babel <3.9q> and hyphenation patterns for 81 language(s) loaded.

(/apps/texlive/2015/texmf-dist/tex/latex/base/book.cls
Document Class: book 2014/09/29 v1.4h Standard LaTeX document class
(/apps/texlive/2015/texmf-dist/tex/latex/base/bk10.clo))
(/apps/R/3.4.0/lib64/R/share/texmf/tex/latex/Rd.sty
(/apps/texlive/2015/texmf-dist/tex/latex/base/ifthen.sty)
(/apps/texlive/2015/texmf-dist/tex/latex/tools/longtable.sty)
(/apps/texlive/2015/texmf-dist/tex/latex/tools/bm.sty)
(/apps/texlive/2015/texmf-dist/tex/latex/base/alltt.sty)
(/apps/texlive/2015/texmf-dist/tex/latex/tools/verbatim.sty)
(/apps/texlive/2015/texmf-dist/tex/latex/url/url.sty)
(/apps/texlive/2015/texmf-dist/tex/latex/base/textcomp.sty
(/apps/texlive/2015/texmf-dist/tex/latex/base/ts1enc.def))
(/apps/texlive/2015/texmf-dist/tex/latex/base/fontenc.sty
(/apps/texlive/2015/texmf-dist/tex/latex/base/t1enc.def))
(/apps/texlive/2015/texmf-dist/tex/latex/psnfss/times.sty)
(/apps/texlive/2015/texmf-dist/tex/latex/inconsolata/zi4.sty
`inconsolata-zi4' v1.10, 2016/02/22 Text macros for Inconsolata (msharpe)
(/apps/texlive/2015/texmf-dist/tex/latex/graphics/keyval.sty))
(/apps/texlive/2015/texmf-dist/tex/latex/graphics/color.sty
(/apps/texlive/2015/texmf-dist/tex/latex/latexconfig/color.cfg)
(/apps/texlive/2015/texmf-dist/tex/latex/pdftex-def/pdftex.def
(/apps/texlive/2015/texmf-dist/tex/generic/oberdiek/infwarerr.sty)
(/apps/texlive/2015/texmf-dist/tex/generic/oberdiek/ltxcmds.sty)))
(/apps/texlive/2015/texmf-dist/tex/latex/hyperref/hyperref.sty
(/apps/texlive/2015/texmf-dist/tex/generic/oberdiek/hobsub-hyperref.sty
(/apps/texlive/2015/texmf-dist/tex/generic/oberdiek/hobsub-generic.sty))
(/apps/texlive/2015/texmf-dist/tex/generic/ifxetex/ifxetex.sty)
(/apps/texlive/2015/texmf-dist/tex/latex/oberdiek/auxhook.sty)
(/apps/texlive/2015/texmf-dist/tex/latex/oberdiek/kvoptions.sty)
(/apps/texlive/2015/texmf-dist/tex/latex/hyperref/pd1enc.def)
(/apps/texlive/2015/texmf-dist/tex/latex/latexconfig/hyperref.cfg))

Package hyperref Message: Driver (autodetected): hpdftex.

(/apps/texlive/2015/texmf-dist/tex/latex/hyperref/hpdftex.def
(/apps/texlive/2015/texmf-dist/tex/latex/oberdiek/rerunfilecheck.sty))

Package hyperref Warning: Option `hyperindex' has already been used,
(hyperref)                setting the option has no effect on input line 366.


Package hyperref Warning: Option `pagebackref' has already been used,
(hyperref)                setting the option has no effect on input line 366.

) (/apps/texlive/2015/texmf-dist/tex/latex/base/makeidx.sty)
(/apps/texlive/2015/texmf-dist/tex/latex/base/inputenc.sty
(/apps/texlive/2015/texmf-dist/tex/latex/base/utf8.def
(/apps/texlive/2015/texmf-dist/tex/latex/base/t1enc.dfu)
(/apps/texlive/2015/texmf-dist/tex/latex/base/ot1enc.dfu)
(/apps/texlive/2015/texmf-dist/tex/latex/base/omsenc.dfu)
(/apps/texlive/2015/texmf-dist/tex/latex/base/ts1enc.dfu))
(/apps/texlive/2015/texmf-dist/tex/latex/base/latin1.def))
Writing index file Rd2.idx
(./Rd2.aux) (/apps/texlive/2015/texmf-dist/tex/latex/base/ts1cmr.fd)
(/apps/texlive/2015/texmf-dist/tex/latex/psnfss/t1ptm.fd)
(/apps/texlive/2015/texmf-dist/tex/context/base/supp-pdf.mkii
[Loading MPS to PDF converter (version 2006.09.02).]
) (/apps/texlive/2015/texmf-dist/tex/latex/hyperref/nameref.sty
(/apps/texlive/2015/texmf-dist/tex/generic/oberdiek/gettitlestring.sty))
(./Rd2.out) (./Rd2.out)
(/apps/texlive/2015/texmf-dist/tex/latex/inconsolata/t1zi4.fd)
(/apps/texlive/2015/texmf-dist/tex/latex/psnfss/ts1ptm.fd)
(/apps/texlive/2015/texmf-dist/tex/latex/psnfss/t1phv.fd) (./Rd2.toc [1{/apps/t
exlive/2015/texmf-var/fonts/map/pdftex/updmap/pdftex.map}])
(/apps/texlive/2015/texmf-dist/tex/latex/base/utf8.def)
(/apps/texlive/2015/texmf-dist/tex/latex/base/utf8.def) [2] [3]
(/apps/texlive/2015/texmf-dist/tex/latex/inconsolata/ts1zi4.fd)
Overfull \hbox (52.00832pt too wide) in paragraph at lines 152--152
 []  \T1/zi4/m/n/10 geno_obj <-  ReadMarker(filename=\TS1/zi4/m/n/10 '\T1/zi4/m
/n/10 geno.txt\TS1/zi4/m/n/10 '\T1/zi4/m/n/10 , AA=0, AB=1, BB=2, type="text", 
missing=\TS1/zi4/m/n/10 '\T1/zi4/m/n/10 X\TS1/zi4/m/n/10 '\T1/zi4/m/n/10 )[] 

Overfull \hbox (20.00832pt too wide) in paragraph at lines 191--191
 []  \T1/zi4/m/n/10 geno_obj <-  ReadMarker(filename=\TS1/zi4/m/n/10 '\T1/zi4/m
/n/10 /my/dir/geno.ped\TS1/zi4/m/n/10 '\T1/zi4/m/n/10 , type=\TS1/zi4/m/n/10 '\
T1/zi4/m/n/10 PLINK\TS1/zi4/m/n/10 '\T1/zi4/m/n/10 , availmemGb=32)[] 
[4]
Overfull \hbox (15.181pt too wide) in paragraph at lines 270--270
 []  \T1/zi4/m/n/9 # Since the following code takes longer than 5 seconds to ru
n, it has been tagged as dontrun.[] 

Overfull \hbox (14.281pt too wide) in paragraph at lines 290--290
 []  \T1/zi4/m/n/9 # and setting the available memory on the machine for the re
ading of the data to 8  gigabytes[] 
[5]
Overfull \hbox (31.38089pt too wide) in paragraph at lines 307--307
 [] \T1/zi4/m/n/9 #~~~~~~~~~~~~~~~~~~~~~~~~~~~~~~~~~~~~~~~~~~~~~~~~~~~~~~~~~~~~
~~~~~~~~~~~~~~~~~~~~~~~~~~~~~~~~~[] 
(/apps/texlive/2015/texmf-dist/tex/latex/base/utf8.def)
(/apps/texlive/2015/texmf-dist/tex/latex/base/utf8.def) [6] [7]
(/apps/texlive/2015/texmf-dist/tex/latex/base/utf8.def) [8]
Overfull \hbox (75.00832pt too wide) in paragraph at lines 501--501
 []\T1/zi4/m/n/10 geno_obj <- ReadMarker(filename=\TS1/zi4/m/n/10 '\T1/zi4/m/n/
10 /my/dir/geno.txt\TS1/zi4/m/n/10 '\T1/zi4/m/n/10 , AA=0, AB=1, BB=2, type=\TS
1/zi4/m/n/10 '\T1/zi4/m/n/10 text\TS1/zi4/m/n/10 '\T1/zi4/m/n/10 , missing=99) 

[9] [10]
Overfull \hbox (15.18094pt too wide) in paragraph at lines 619--619
 []  \T1/zi4/m/n/9 geno_obj <- ReadMarker(filename=complete.name, type=\TS1/zi4
/m/n/9 '\T1/zi4/m/n/9 text\TS1/zi4/m/n/9 '\T1/zi4/m/n/9 , AA=0, AB=1, BB=2, ava
ilmemGb=4)[] 
(/apps/texlive/2015/texmf-dist/tex/latex/base/utf8.def) [11] [12]
(/apps/texlive/2015/texmf-dist/tex/latex/base/utf8.def) [13]
Overfull \hbox (15.181pt too wide) in paragraph at lines 806--806
 []  \T1/zi4/m/n/9 # Since the following code takes longer than 5 seconds to ru
n, it has been tagged as dontrun.[] 

Overfull \hbox (10.681pt too wide) in paragraph at lines 827--827
 []  \T1/zi4/m/n/9 # and setting the available memory on the machine for the re
ading of the data to 8 gigabytes[] 
[14] (./Rd2.ind [15]

LaTeX Font Warning: Font shape `T1/zi4/m/it' undefined
(Font)              using `T1/zi4/m/n' instead on input line 14.

[16]) (./Rd2.aux)

LaTeX Font Warning: Some font shapes were not available, defaults substituted.

 )
(see the transcript file for additional information){/apps/texlive/2015/texmf-d
ist/fonts/enc/dvips/inconsolata/i4-ts1.enc}{/apps/texlive/2015/texmf-dist/fonts
/enc/dvips/base/8r.enc}{/apps/texlive/2015/texmf-dist/fonts/enc/dvips/inconsola
ta/i4-t1-0.enc}</apps/texlive/2015/texmf-dist/fonts/type1/public/inconsolata/In
consolata-zi4r.pfb></apps/texlive/2015/texmf-dist/fonts/type1/public/amsfonts/c
m/cmsy10.pfb></apps/texlive/2015/texmf-dist/fonts/type1/urw/helvetic/uhvr8a.pfb
></apps/texlive/2015/texmf-dist/fonts/type1/urw/times/utmb8a.pfb></apps/texlive
/2015/texmf-dist/fonts/type1/urw/times/utmr8a.pfb></apps/texlive/2015/texmf-dis
t/fonts/type1/urw/times/utmr8a.pfb></apps/texlive/2015/texmf-dist/fonts/type1/u
rw/times/utmri8a.pfb>
Output written on Rd2.pdf (16 pages, 126831 bytes).
Transcript written on Rd2.log.
Saving output to ‘Eagle-manual.pdf’ ...
Done
You may want to clean up by 'rm -rf /tmp/geo047.vnc/RtmpUICbW6/Rd2pdf1db2d573bf4bd'
